<?xml version="1.0" encoding="UTF-8"?>
<testng-results ignored="0" total="2" passed="1" failed="1" skipped="0">
  <reporter-output>
    <line>
      <![CDATA[--connected to DB--]]>
    </line>
    <line>
      <![CDATA[--browser launched--]]>
    </line>
    <line>
      <![CDATA[--login--]]>
    </line>
    <line>
      <![CDATA[test2---> Execution Reports]]>
    </line>
    <line>
      <![CDATA[test2---Failed]]>
    </line>
    <line>
      <![CDATA[--logout--]]>
    </line>
    <line>
      <![CDATA[--login--]]>
    </line>
    <line>
      <![CDATA[testScript7_Test---> Execution Reports]]>
    </line>
    <line>
      <![CDATA[testScript7_Test--->test Script executed Succesfully]]>
    </line>
    <line>
      <![CDATA[--logout--]]>
    </line>
    <line>
      <![CDATA[--browser closed--]]>
    </line>
    <line>
      <![CDATA[--diconnected from DB--]]>
    </line>
  </reporter-output>
  <suite started-at="2024-05-28T21:19:30 IST" name="CrowssBrowserExecution" finished-at="2024-05-28T21:21:24 IST" duration-ms="114417">
    <groups>
      <group name="regression">
        <method signature="sample2Test.testScript7_Test()[pri:0, instance:com.practice.sample2Test@5246a3b3]" name="testScript7_Test" class="com.practice.sample2Test"/>
      </group> <!-- regression -->
    </groups>
    <test started-at="2024-05-28T21:19:30 IST" name="Test Runner-2" finished-at="2024-05-28T21:21:24 IST" duration-ms="114417">
      <class name="com.practice.sample2Test">
        <test-method is-config="true" signature="connectToDB()[pri:0, instance:com.practice.sample2Test@5246a3b3]" started-at="2024-05-28T21:19:29 IST" name="connectToDB" finished-at="2024-05-28T21:19:30 IST" duration-ms="994" status="PASS">
          <reporter-output>
            <line>
              <![CDATA[--connected to DB--]]>
            </line>
          </reporter-output>
        </test-method> <!-- connectToDB -->
        <test-method is-config="true" signature="launchBrowser(java.lang.String)[pri:0, instance:com.practice.sample2Test@5246a3b3]" started-at="2024-05-28T21:19:32 IST" name="launchBrowser" finished-at="2024-05-28T21:19:39 IST" duration-ms="6919" status="PASS">
          <params>
            <param index="0">
              <value>
                <![CDATA[chrome]]>
              </value>
            </param>
          </params>
          <reporter-output>
            <line>
              <![CDATA[--browser launched--]]>
            </line>
          </reporter-output>
        </test-method> <!-- launchBrowser -->
        <test-method is-config="true" signature="loginToApp()[pri:0, instance:com.practice.sample2Test@5246a3b3]" started-at="2024-05-28T21:19:39 IST" name="loginToApp" finished-at="2024-05-28T21:19:39 IST" duration-ms="19" status="PASS">
          <reporter-output>
            <line>
              <![CDATA[--login--]]>
            </line>
          </reporter-output>
        </test-method> <!-- loginToApp -->
        <test-method signature="test2()[pri:0, instance:com.practice.sample2Test@5246a3b3]" started-at="2024-05-28T21:19:39 IST" name="test2" finished-at="2024-05-28T21:19:58 IST" duration-ms="18938" status="FAIL">
          <exception class="java.lang.AssertionError">
            <message>
              <![CDATA[expected [true] but found [false]]]>
            </message>
            <full-stacktrace>
              <![CDATA[java.lang.AssertionError: expected [true] but found [false]
at org.testng.Assert.fail(Assert.java:99)
at org.testng.Assert.failNotEquals(Assert.java:1037)
at org.testng.Assert.assertTrue(Assert.java:45)
at org.testng.Assert.assertTrue(Assert.java:55)
at com.practice.sample2Test.test2(sample2Test.java:76)
at java.base/jdk.internal.reflect.NativeMethodAccessorImpl.invoke0(Native Method)
at java.base/jdk.internal.reflect.NativeMethodAccessorImpl.invoke(NativeMethodAccessorImpl.java:77)
at java.base/jdk.internal.reflect.DelegatingMethodAccessorImpl.invoke(DelegatingMethodAccessorImpl.java:43)
at java.base/java.lang.reflect.Method.invoke(Method.java:568)
at org.testng.internal.MethodInvocationHelper.invokeMethod(MethodInvocationHelper.java:132)
at org.testng.internal.TestInvoker.invokeMethod(TestInvoker.java:599)
at org.testng.internal.TestInvoker.invokeTestMethod(TestInvoker.java:174)
at org.testng.internal.MethodRunner.runInSequence(MethodRunner.java:46)
at org.testng.internal.TestInvoker$MethodInvocationAgent.invoke(TestInvoker.java:822)
at org.testng.internal.TestInvoker.invokeTestMethods(TestInvoker.java:147)
at org.testng.internal.TestMethodWorker.invokeTestMethods(TestMethodWorker.java:146)
at org.testng.internal.TestMethodWorker.run(TestMethodWorker.java:128)
at java.base/java.util.ArrayList.forEach(ArrayList.java:1511)
at org.testng.TestRunner.privateRun(TestRunner.java:764)
at org.testng.TestRunner.run(TestRunner.java:585)
at org.testng.SuiteRunner.runTest(SuiteRunner.java:384)
at org.testng.SuiteRunner.access$000(SuiteRunner.java:28)
at org.testng.SuiteRunner$SuiteWorker.run(SuiteRunner.java:425)
at org.testng.internal.thread.ThreadUtil.lambda$execute$0(ThreadUtil.java:66)
at java.base/java.util.concurrent.FutureTask.run(FutureTask.java:264)
at java.base/java.util.concurrent.ThreadPoolExecutor.runWorker(ThreadPoolExecutor.java:1136)
at java.base/java.util.concurrent.ThreadPoolExecutor$Worker.run(ThreadPoolExecutor.java:635)
at java.base/java.lang.Thread.run(Thread.java:842)
]]>
            </full-stacktrace>
          </exception> <!-- java.lang.AssertionError -->
          <reporter-output>
            <line>
              <![CDATA[test2---> Execution Reports]]>
            </line>
            <line>
              <![CDATA[test2---Failed]]>
            </line>
          </reporter-output>
        </test-method> <!-- test2 -->
        <test-method is-config="true" signature="afterMethod()[pri:0, instance:com.practice.sample2Test@5246a3b3]" started-at="2024-05-28T21:20:00 IST" name="afterMethod" finished-at="2024-05-28T21:20:00 IST" duration-ms="33" status="PASS">
          <reporter-output>
            <line>
              <![CDATA[--logout--]]>
            </line>
          </reporter-output>
        </test-method> <!-- afterMethod -->
        <test-method is-config="true" signature="loginToApp()[pri:0, instance:com.practice.sample2Test@5246a3b3]" started-at="2024-05-28T21:20:00 IST" name="loginToApp" finished-at="2024-05-28T21:20:00 IST" duration-ms="1" status="PASS">
          <reporter-output>
            <line>
              <![CDATA[--login--]]>
            </line>
          </reporter-output>
        </test-method> <!-- loginToApp -->
        <test-method signature="testScript7_Test()[pri:0, instance:com.practice.sample2Test@5246a3b3]" started-at="2024-05-28T21:20:00 IST" name="testScript7_Test" finished-at="2024-05-28T21:20:44 IST" duration-ms="44386" status="PASS">
          <reporter-output>
            <line>
              <![CDATA[testScript7_Test---> Execution Reports]]>
            </line>
            <line>
              <![CDATA[testScript7_Test--->test Script executed Succesfully]]>
            </line>
          </reporter-output>
        </test-method> <!-- testScript7_Test -->
        <test-method is-config="true" signature="afterMethod()[pri:0, instance:com.practice.sample2Test@5246a3b3]" started-at="2024-05-28T21:20:44 IST" name="afterMethod" finished-at="2024-05-28T21:20:44 IST" duration-ms="1" status="PASS">
          <reporter-output>
            <line>
              <![CDATA[--logout--]]>
            </line>
          </reporter-output>
        </test-method> <!-- afterMethod -->
        <test-method is-config="true" signature="closeBrowser()[pri:0, instance:com.practice.sample2Test@5246a3b3]" started-at="2024-05-28T21:20:44 IST" name="closeBrowser" finished-at="2024-05-28T21:21:24 IST" duration-ms="40154" status="PASS">
          <reporter-output>
            <line>
              <![CDATA[--browser closed--]]>
            </line>
          </reporter-output>
        </test-method> <!-- closeBrowser -->
        <test-method is-config="true" signature="disconnectDB()[pri:0, instance:com.practice.sample2Test@5246a3b3]" started-at="2024-05-28T21:21:27 IST" name="disconnectDB" finished-at="2024-05-28T21:21:27 IST" duration-ms="24" status="PASS">
          <reporter-output>
            <line>
              <![CDATA[--diconnected from DB--]]>
            </line>
          </reporter-output>
        </test-method> <!-- disconnectDB -->
      </class> <!-- com.practice.sample2Test -->
    </test> <!-- Test Runner-2 -->
  </suite> <!-- CrowssBrowserExecution -->
</testng-results>
